{"C:\\Users\\Dev_001_PP\\apps\\download_links\\backend\\src\\config\\env.ts": {"path":"C:\\Users\\Dev_001_PP\\apps\\download_links\\backend\\src\\config\\env.ts","statementMap":{"0":{"start":{"line":1,"column":0},"end":{"line":1,"column":24}},"1":{"start":{"line":2,"column":0},"end":{"line":2,"column":28}},"2":{"start":{"line":3,"column":0},"end":{"line":3,"column":24}},"3":{"start":{"line":4,"column":0},"end":{"line":4,"column":20}},"4":{"start":{"line":7,"column":0},"end":{"line":7,"column":16}},"5":{"start":{"line":10,"column":18},"end":{"line":25,"column":2}},"6":{"start":{"line":28,"column":12},"end":{"line":28,"column":40}},"7":{"start":{"line":31,"column":13},"end":{"line":49,"column":2}},"8":{"start":{"line":52,"column":0},"end":{"line":54,"column":1}},"9":{"start":{"line":53,"column":2},"end":{"line":53,"column":62}}},"fnMap":{},"branchMap":{"0":{"loc":{"start":{"line":52,"column":0},"end":{"line":54,"column":1}},"type":"if","locations":[{"start":{"line":52,"column":0},"end":{"line":54,"column":1}}]}},"s":{"0":2,"1":2,"2":2,"3":2,"4":2,"5":2,"6":2,"7":2,"8":2,"9":1},"f":{},"b":{"0":[1]}}
,"C:\\Users\\Dev_001_PP\\apps\\download_links\\backend\\src\\controllers\\fileController.ts": {"path":"C:\\Users\\Dev_001_PP\\apps\\download_links\\backend\\src\\controllers\\fileController.ts","statementMap":{"0":{"start":{"line":2,"column":0},"end":{"line":2,"column":36}},"1":{"start":{"line":3,"column":0},"end":{"line":3,"column":20}},"2":{"start":{"line":7,"column":0},"end":{"line":7,"column":124}},"3":{"start":{"line":11,"column":26},"end":{"line":58,"column":1}},"4":{"start":{"line":13,"column":2},"end":{"line":15,"column":3}},"5":{"start":{"line":14,"column":4},"end":{"line":14,"column":63}},"6":{"start":{"line":17,"column":2},"end":{"line":57,"column":3}},"7":{"start":{"line":19,"column":19},"end":{"line":19,"column":27}},"8":{"start":{"line":22,"column":31},"end":{"line":32,"column":6}},"9":{"start":{"line":35,"column":4},"end":{"line":35,"column":27}},"10":{"start":{"line":38,"column":26},"end":{"line":38,"column":49}},"11":{"start":{"line":40,"column":4},"end":{"line":42,"column":5}},"12":{"start":{"line":41,"column":6},"end":{"line":41,"column":57}},"13":{"start":{"line":45,"column":4},"end":{"line":53,"column":7}},"14":{"start":{"line":55,"column":4},"end":{"line":55,"column":50}},"15":{"start":{"line":56,"column":4},"end":{"line":56,"column":61}},"16":{"start":{"line":11,"column":13},"end":{"line":11,"column":26}},"17":{"start":{"line":61,"column":27},"end":{"line":91,"column":1}},"18":{"start":{"line":62,"column":17},"end":{"line":62,"column":27}},"19":{"start":{"line":65,"column":23},"end":{"line":65,"column":88}},"20":{"start":{"line":66,"column":2},"end":{"line":68,"column":3}},"21":{"start":{"line":67,"column":4},"end":{"line":67,"column":69}},"22":{"start":{"line":70,"column":2},"end":{"line":90,"column":3}},"23":{"start":{"line":71,"column":21},"end":{"line":71,"column":40}},"24":{"start":{"line":73,"column":4},"end":{"line":75,"column":5}},"25":{"start":{"line":74,"column":6},"end":{"line":74,"column":74}},"26":{"start":{"line":78,"column":4},"end":{"line":86,"column":7}},"27":{"start":{"line":88,"column":4},"end":{"line":88,"column":53}},"28":{"start":{"line":89,"column":4},"end":{"line":89,"column":63}},"29":{"start":{"line":61,"column":13},"end":{"line":61,"column":27}},"30":{"start":{"line":94,"column":28},"end":{"line":133,"column":1}},"31":{"start":{"line":95,"column":17},"end":{"line":95,"column":27}},"32":{"start":{"line":98,"column":23},"end":{"line":98,"column":88}},"33":{"start":{"line":99,"column":2},"end":{"line":101,"column":3}},"34":{"start":{"line":100,"column":4},"end":{"line":100,"column":69}},"35":{"start":{"line":103,"column":2},"end":{"line":132,"column":3}},"36":{"start":{"line":104,"column":21},"end":{"line":104,"column":40}},"37":{"start":{"line":106,"column":4},"end":{"line":108,"column":5}},"38":{"start":{"line":107,"column":6},"end":{"line":107,"column":74}},"39":{"start":{"line":111,"column":4},"end":{"line":115,"column":5}},"40":{"start":{"line":113,"column":6},"end":{"line":113,"column":25}},"41":{"start":{"line":114,"column":6},"end":{"line":114,"column":73}},"42":{"start":{"line":118,"column":4},"end":{"line":118,"column":31}},"43":{"start":{"line":121,"column":4},"end":{"line":121,"column":112}},"44":{"start":{"line":122,"column":4},"end":{"line":122,"column":53}},"45":{"start":{"line":123,"column":4},"end":{"line":123,"column":55}},"46":{"start":{"line":124,"column":4},"end":{"line":124,"column":47}},"47":{"start":{"line":127,"column":23},"end":{"line":127,"column":57}},"48":{"start":{"line":128,"column":4},"end":{"line":128,"column":25}},"49":{"start":{"line":130,"column":4},"end":{"line":130,"column":52}},"50":{"start":{"line":131,"column":4},"end":{"line":131,"column":63}},"51":{"start":{"line":94,"column":13},"end":{"line":94,"column":28}}},"fnMap":{"0":{"name":"(anonymous_1)","decl":{"start":{"line":11,"column":26},"end":{"line":11,"column":27}},"loc":{"start":{"line":11,"column":58},"end":{"line":58,"column":1}}},"1":{"name":"(anonymous_2)","decl":{"start":{"line":61,"column":27},"end":{"line":61,"column":28}},"loc":{"start":{"line":61,"column":59},"end":{"line":91,"column":1}}},"2":{"name":"(anonymous_3)","decl":{"start":{"line":94,"column":28},"end":{"line":94,"column":29}},"loc":{"start":{"line":94,"column":60},"end":{"line":133,"column":1}}}},"branchMap":{"0":{"loc":{"start":{"line":13,"column":2},"end":{"line":15,"column":3}},"type":"if","locations":[{"start":{"line":13,"column":2},"end":{"line":15,"column":3}}]},"1":{"loc":{"start":{"line":40,"column":4},"end":{"line":42,"column":5}},"type":"if","locations":[{"start":{"line":40,"column":4},"end":{"line":42,"column":5}}]},"2":{"loc":{"start":{"line":66,"column":2},"end":{"line":68,"column":3}},"type":"if","locations":[{"start":{"line":66,"column":2},"end":{"line":68,"column":3}}]},"3":{"loc":{"start":{"line":73,"column":4},"end":{"line":75,"column":5}},"type":"if","locations":[{"start":{"line":73,"column":4},"end":{"line":75,"column":5}}]},"4":{"loc":{"start":{"line":85,"column":21},"end":{"line":85,"column":48}},"type":"binary-expr","locations":[{"start":{"line":85,"column":21},"end":{"line":85,"column":43}},{"start":{"line":85,"column":47},"end":{"line":85,"column":48}}]},"5":{"loc":{"start":{"line":99,"column":2},"end":{"line":101,"column":3}},"type":"if","locations":[{"start":{"line":99,"column":2},"end":{"line":101,"column":3}}]},"6":{"loc":{"start":{"line":106,"column":4},"end":{"line":108,"column":5}},"type":"if","locations":[{"start":{"line":106,"column":4},"end":{"line":108,"column":5}}]},"7":{"loc":{"start":{"line":111,"column":4},"end":{"line":115,"column":5}},"type":"if","locations":[{"start":{"line":111,"column":4},"end":{"line":115,"column":5}}]}},"s":{"0":1,"1":1,"2":1,"3":1,"4":4,"5":1,"6":3,"7":3,"8":3,"9":3,"10":1,"11":1,"12":0,"13":1,"14":2,"15":2,"16":1,"17":1,"18":4,"19":4,"20":4,"21":1,"22":3,"23":3,"24":2,"25":1,"26":1,"27":1,"28":1,"29":1,"30":1,"31":5,"32":5,"33":5,"34":1,"35":4,"36":4,"37":3,"38":1,"39":2,"40":1,"41":1,"42":1,"43":1,"44":1,"45":1,"46":1,"47":1,"48":1,"49":1,"50":1,"51":1},"f":{"0":4,"1":4,"2":5},"b":{"0":[1],"1":[0],"2":[1],"3":[1],"4":[1,0],"5":[1],"6":[1],"7":[1]}}
,"C:\\Users\\Dev_001_PP\\apps\\download_links\\backend\\src\\middlewares\\cspMiddleware.ts": {"path":"C:\\Users\\Dev_001_PP\\apps\\download_links\\backend\\src\\middlewares\\cspMiddleware.ts","statementMap":{"0":{"start":{"line":8,"column":37},"end":{"line":43,"column":1}},"1":{"start":{"line":10,"column":2},"end":{"line":23,"column":4}},"2":{"start":{"line":26,"column":2},"end":{"line":26,"column":53}},"3":{"start":{"line":29,"column":2},"end":{"line":29,"column":43}},"4":{"start":{"line":32,"column":2},"end":{"line":32,"column":53}},"5":{"start":{"line":35,"column":2},"end":{"line":40,"column":3}},"6":{"start":{"line":36,"column":4},"end":{"line":36,"column":92}},"7":{"start":{"line":37,"column":4},"end":{"line":37,"column":40}},"8":{"start":{"line":38,"column":4},"end":{"line":38,"column":34}},"9":{"start":{"line":39,"column":4},"end":{"line":39,"column":51}},"10":{"start":{"line":42,"column":2},"end":{"line":42,"column":9}},"11":{"start":{"line":8,"column":13},"end":{"line":8,"column":37}}},"fnMap":{"0":{"name":"(anonymous_0)","decl":{"start":{"line":8,"column":37},"end":{"line":8,"column":38}},"loc":{"start":{"line":8,"column":89},"end":{"line":43,"column":1}}}},"branchMap":{"0":{"loc":{"start":{"line":35,"column":2},"end":{"line":40,"column":3}},"type":"if","locations":[{"start":{"line":35,"column":2},"end":{"line":40,"column":3}}]}},"s":{"0":0,"1":0,"2":0,"3":0,"4":0,"5":0,"6":0,"7":0,"8":0,"9":0,"10":0,"11":0},"f":{"0":0},"b":{"0":[0]}}
,"C:\\Users\\Dev_001_PP\\apps\\download_links\\backend\\src\\middlewares\\errorHandlerMiddleware.ts": {"path":"C:\\Users\\Dev_001_PP\\apps\\download_links\\backend\\src\\middlewares\\errorHandlerMiddleware.ts","statementMap":{"0":{"start":{"line":2,"column":0},"end":{"line":2,"column":39}},"1":{"start":{"line":11,"column":4},"end":{"line":11,"column":19}},"2":{"start":{"line":12,"column":4},"end":{"line":12,"column":34}},"3":{"start":{"line":13,"column":4},"end":{"line":13,"column":33}},"4":{"start":{"line":7,"column":0},"end":{"line":7,"column":13}},"5":{"start":{"line":20,"column":34},"end":{"line":57,"column":1}},"6":{"start":{"line":22,"column":2},"end":{"line":45,"column":3}},"7":{"start":{"line":23,"column":18},"end":{"line":23,"column":37}},"8":{"start":{"line":24,"column":21},"end":{"line":24,"column":24}},"9":{"start":{"line":26,"column":4},"end":{"line":38,"column":5}},"10":{"start":{"line":28,"column":8},"end":{"line":28,"column":98}},"11":{"start":{"line":29,"column":8},"end":{"line":29,"column":14}},"12":{"start":{"line":31,"column":8},"end":{"line":31,"column":52}},"13":{"start":{"line":32,"column":8},"end":{"line":32,"column":14}},"14":{"start":{"line":34,"column":8},"end":{"line":34,"column":44}},"15":{"start":{"line":35,"column":8},"end":{"line":35,"column":14}},"16":{"start":{"line":37,"column":8},"end":{"line":37,"column":61}},"17":{"start":{"line":40,"column":4},"end":{"line":44,"column":7}},"18":{"start":{"line":48,"column":2},"end":{"line":53,"column":3}},"19":{"start":{"line":49,"column":4},"end":{"line":52,"column":7}},"20":{"start":{"line":56,"column":2},"end":{"line":56,"column":12}},"21":{"start":{"line":20,"column":13},"end":{"line":20,"column":34}},"22":{"start":{"line":62,"column":34},"end":{"line":80,"column":1}},"23":{"start":{"line":63,"column":21},"end":{"line":63,"column":42}},"24":{"start":{"line":64,"column":18},"end":{"line":64,"column":56}},"25":{"start":{"line":67,"column":2},"end":{"line":73,"column":5}},"26":{"start":{"line":76,"column":2},"end":{"line":79,"column":5}},"27":{"start":{"line":62,"column":13},"end":{"line":62,"column":34}}},"fnMap":{"0":{"name":"(anonymous_0)","decl":{"start":{"line":10,"column":2},"end":{"line":10,"column":14}},"loc":{"start":{"line":10,"column":47},"end":{"line":14,"column":3}}},"1":{"name":"(anonymous_1)","decl":{"start":{"line":20,"column":34},"end":{"line":20,"column":35}},"loc":{"start":{"line":20,"column":96},"end":{"line":57,"column":1}}},"2":{"name":"(anonymous_2)","decl":{"start":{"line":62,"column":34},"end":{"line":62,"column":35}},"loc":{"start":{"line":62,"column":96},"end":{"line":80,"column":1}}}},"branchMap":{"0":{"loc":{"start":{"line":10,"column":31},"end":{"line":10,"column":47}},"type":"default-arg","locations":[{"start":{"line":10,"column":44},"end":{"line":10,"column":47}}]},"1":{"loc":{"start":{"line":22,"column":2},"end":{"line":45,"column":3}},"type":"if","locations":[{"start":{"line":22,"column":2},"end":{"line":45,"column":3}}]},"2":{"loc":{"start":{"line":26,"column":4},"end":{"line":38,"column":5}},"type":"switch","locations":[{"start":{"line":27,"column":6},"end":{"line":29,"column":14}},{"start":{"line":30,"column":6},"end":{"line":32,"column":14}},{"start":{"line":33,"column":6},"end":{"line":35,"column":14}},{"start":{"line":36,"column":6},"end":{"line":37,"column":61}}]},"3":{"loc":{"start":{"line":37,"column":18},"end":{"line":37,"column":60}},"type":"binary-expr","locations":[{"start":{"line":37,"column":18},"end":{"line":37,"column":29}},{"start":{"line":37,"column":33},"end":{"line":37,"column":60}}]},"4":{"loc":{"start":{"line":48,"column":2},"end":{"line":53,"column":3}},"type":"if","locations":[{"start":{"line":48,"column":2},"end":{"line":53,"column":3}}]},"5":{"loc":{"start":{"line":63,"column":21},"end":{"line":63,"column":42}},"type":"binary-expr","locations":[{"start":{"line":63,"column":21},"end":{"line":63,"column":35}},{"start":{"line":63,"column":39},"end":{"line":63,"column":42}}]},"6":{"loc":{"start":{"line":64,"column":18},"end":{"line":64,"column":56}},"type":"binary-expr","locations":[{"start":{"line":64,"column":18},"end":{"line":64,"column":29}},{"start":{"line":64,"column":33},"end":{"line":64,"column":56}}]},"7":{"loc":{"start":{"line":72,"column":11},"end":{"line":72,"column":54}},"type":"cond-expr","locations":[{"start":{"line":72,"column":33},"end":{"line":72,"column":42}},{"start":{"line":72,"column":45},"end":{"line":72,"column":54}}]},"8":{"loc":{"start":{"line":77,"column":11},"end":{"line":77,"column":73}},"type":"cond-expr","locations":[{"start":{"line":77,"column":32},"end":{"line":77,"column":55}},{"start":{"line":77,"column":58},"end":{"line":77,"column":73}}]},"9":{"loc":{"start":{"line":78,"column":13},"end":{"line":78,"column":100}},"type":"cond-expr","locations":[{"start":{"line":78,"column":35},"end":{"line":78,"column":42}},{"start":{"line":78,"column":46},"end":{"line":78,"column":99}}]},"10":{"loc":{"start":{"line":78,"column":46},"end":{"line":78,"column":99}},"type":"cond-expr","locations":[{"start":{"line":78,"column":67},"end":{"line":78,"column":89}},{"start":{"line":78,"column":92},"end":{"line":78,"column":99}}]}},"s":{"0":2,"1":7,"2":7,"3":7,"4":2,"5":2,"6":6,"7":4,"8":4,"9":4,"10":1,"11":1,"12":1,"13":1,"14":1,"15":1,"16":1,"17":4,"18":2,"19":1,"20":1,"21":2,"22":2,"23":3,"24":3,"25":3,"26":3,"27":2},"f":{"0":7,"1":6,"2":3},"b":{"0":[1],"1":[4],"2":[1,1,1,1],"3":[1,0],"4":[1],"5":[3,2],"6":[3,0],"7":[3,0],"8":[2,1],"9":[3,0],"10":[0,0]}}
,"C:\\Users\\Dev_001_PP\\apps\\download_links\\backend\\src\\middlewares\\multerMiddleware.ts": {"path":"C:\\Users\\Dev_001_PP\\apps\\download_links\\backend\\src\\middlewares\\multerMiddleware.ts","statementMap":{"0":{"start":{"line":1,"column":0},"end":{"line":1,"column":28}},"1":{"start":{"line":2,"column":0},"end":{"line":2,"column":24}},"2":{"start":{"line":3,"column":0},"end":{"line":3,"column":36}},"3":{"start":{"line":4,"column":0},"end":{"line":4,"column":20}},"4":{"start":{"line":5,"column":0},"end":{"line":5,"column":28}},"5":{"start":{"line":6,"column":0},"end":{"line":6,"column":39}},"6":{"start":{"line":9,"column":19},"end":{"line":9,"column":43}},"7":{"start":{"line":12,"column":0},"end":{"line":14,"column":1}},"8":{"start":{"line":13,"column":2},"end":{"line":13,"column":48}},"9":{"start":{"line":17,"column":16},"end":{"line":36,"column":2}},"10":{"start":{"line":19,"column":4},"end":{"line":19,"column":25}},"11":{"start":{"line":24,"column":21},"end":{"line":24,"column":29}},"12":{"start":{"line":27,"column":25},"end":{"line":27,"column":62}},"13":{"start":{"line":30,"column":20},"end":{"line":30,"column":65}},"14":{"start":{"line":31,"column":25},"end":{"line":31,"column":60}},"15":{"start":{"line":34,"column":4},"end":{"line":34,"column":59}},"16":{"start":{"line":39,"column":27},"end":{"line":54,"column":2}},"17":{"start":{"line":57,"column":19},"end":{"line":81,"column":1}},"18":{"start":{"line":59,"column":2},"end":{"line":61,"column":3}},"19":{"start":{"line":60,"column":4},"end":{"line":60,"column":76}},"20":{"start":{"line":64,"column":19},"end":{"line":64,"column":36}},"21":{"start":{"line":67,"column":2},"end":{"line":69,"column":3}},"22":{"start":{"line":68,"column":4},"end":{"line":68,"column":72}},"23":{"start":{"line":72,"column":18},"end":{"line":72,"column":71}},"24":{"start":{"line":73,"column":30},"end":{"line":73,"column":96}},"25":{"start":{"line":75,"column":2},"end":{"line":77,"column":3}},"26":{"start":{"line":76,"column":4},"end":{"line":76,"column":96}},"27":{"start":{"line":80,"column":2},"end":{"line":80,"column":17}},"28":{"start":{"line":84,"column":13},"end":{"line":91,"column":3}}},"fnMap":{"0":{"name":"(anonymous_1)","decl":{"start":{"line":18,"column":15},"end":{"line":18,"column":16}},"loc":{"start":{"line":18,"column":33},"end":{"line":20,"column":3}}},"1":{"name":"(anonymous_2)","decl":{"start":{"line":21,"column":12},"end":{"line":21,"column":13}},"loc":{"start":{"line":21,"column":30},"end":{"line":35,"column":3}}},"2":{"name":"(anonymous_3)","decl":{"start":{"line":57,"column":19},"end":{"line":57,"column":20}},"loc":{"start":{"line":57,"column":68},"end":{"line":81,"column":1}}}},"branchMap":{"0":{"loc":{"start":{"line":12,"column":0},"end":{"line":14,"column":1}},"type":"if","locations":[{"start":{"line":12,"column":0},"end":{"line":14,"column":1}}]},"1":{"loc":{"start":{"line":59,"column":2},"end":{"line":61,"column":3}},"type":"if","locations":[{"start":{"line":59,"column":2},"end":{"line":61,"column":3}}]},"2":{"loc":{"start":{"line":67,"column":2},"end":{"line":69,"column":3}},"type":"if","locations":[{"start":{"line":67,"column":2},"end":{"line":69,"column":3}}]},"3":{"loc":{"start":{"line":75,"column":2},"end":{"line":77,"column":3}},"type":"if","locations":[{"start":{"line":75,"column":2},"end":{"line":77,"column":3}}]}},"s":{"0":1,"1":1,"2":1,"3":1,"4":1,"5":1,"6":1,"7":1,"8":1,"9":1,"10":0,"11":0,"12":0,"13":0,"14":0,"15":0,"16":1,"17":1,"18":0,"19":0,"20":0,"21":0,"22":0,"23":0,"24":0,"25":0,"26":0,"27":0,"28":1},"f":{"0":0,"1":0,"2":0},"b":{"0":[1],"1":[0],"2":[0],"3":[0]}}
,"C:\\Users\\Dev_001_PP\\apps\\download_links\\backend\\src\\middlewares\\securityMiddleware.ts": {"path":"C:\\Users\\Dev_001_PP\\apps\\download_links\\backend\\src\\middlewares\\securityMiddleware.ts","statementMap":{"0":{"start":{"line":1,"column":0},"end":{"line":1,"column":28}},"1":{"start":{"line":2,"column":0},"end":{"line":2,"column":43}},"2":{"start":{"line":3,"column":0},"end":{"line":3,"column":24}},"3":{"start":{"line":5,"column":0},"end":{"line":5,"column":39}},"4":{"start":{"line":8,"column":13},"end":{"line":8,"column":41}},"5":{"start":{"line":11,"column":13},"end":{"line":26,"column":3}},"6":{"start":{"line":14,"column":4},"end":{"line":14,"column":45}},"7":{"start":{"line":14,"column":17},"end":{"line":14,"column":45}},"8":{"start":{"line":17,"column":4},"end":{"line":21,"column":5}},"9":{"start":{"line":18,"column":6},"end":{"line":18,"column":34}},"10":{"start":{"line":20,"column":6},"end":{"line":20,"column":65}},"11":{"start":{"line":29,"column":13},"end":{"line":35,"column":3}},"12":{"start":{"line":38,"column":36},"end":{"line":50,"column":1}},"13":{"start":{"line":39,"column":17},"end":{"line":39,"column":27}},"14":{"start":{"line":42,"column":2},"end":{"line":47,"column":3}},"15":{"start":{"line":43,"column":4},"end":{"line":46,"column":7}},"16":{"start":{"line":49,"column":2},"end":{"line":49,"column":9}},"17":{"start":{"line":38,"column":13},"end":{"line":38,"column":36}},"18":{"start":{"line":53,"column":30},"end":{"line":66,"column":1}},"19":{"start":{"line":54,"column":17},"end":{"line":54,"column":27}},"20":{"start":{"line":57,"column":20},"end":{"line":57,"column":85}},"21":{"start":{"line":58,"column":2},"end":{"line":63,"column":3}},"22":{"start":{"line":59,"column":4},"end":{"line":62,"column":7}},"23":{"start":{"line":65,"column":2},"end":{"line":65,"column":9}},"24":{"start":{"line":53,"column":13},"end":{"line":53,"column":30}},"25":{"start":{"line":69,"column":28},"end":{"line":85,"column":1}},"26":{"start":{"line":70,"column":2},"end":{"line":70,"column":39}},"27":{"start":{"line":73,"column":2},"end":{"line":78,"column":3}},"28":{"start":{"line":74,"column":4},"end":{"line":77,"column":7}},"29":{"start":{"line":81,"column":2},"end":{"line":84,"column":5}},"30":{"start":{"line":69,"column":13},"end":{"line":69,"column":28}}},"fnMap":{"0":{"name":"(anonymous_1)","decl":{"start":{"line":12,"column":10},"end":{"line":12,"column":11}},"loc":{"start":{"line":12,"column":31},"end":{"line":22,"column":3}}},"1":{"name":"(anonymous_2)","decl":{"start":{"line":38,"column":36},"end":{"line":38,"column":37}},"loc":{"start":{"line":38,"column":88},"end":{"line":50,"column":1}}},"2":{"name":"(anonymous_3)","decl":{"start":{"line":53,"column":30},"end":{"line":53,"column":31}},"loc":{"start":{"line":53,"column":82},"end":{"line":66,"column":1}}},"3":{"name":"(anonymous_4)","decl":{"start":{"line":69,"column":28},"end":{"line":69,"column":29}},"loc":{"start":{"line":69,"column":92},"end":{"line":85,"column":1}}}},"branchMap":{"0":{"loc":{"start":{"line":14,"column":4},"end":{"line":14,"column":45}},"type":"if","locations":[{"start":{"line":14,"column":4},"end":{"line":14,"column":45}}]},"1":{"loc":{"start":{"line":17,"column":4},"end":{"line":21,"column":5}},"type":"if","locations":[{"start":{"line":17,"column":4},"end":{"line":21,"column":5}},{"start":{"line":19,"column":11},"end":{"line":21,"column":5}}]},"2":{"loc":{"start":{"line":42,"column":2},"end":{"line":47,"column":3}},"type":"if","locations":[{"start":{"line":42,"column":2},"end":{"line":47,"column":3}}]},"3":{"loc":{"start":{"line":42,"column":6},"end":{"line":42,"column":30}},"type":"binary-expr","locations":[{"start":{"line":42,"column":6},"end":{"line":42,"column":8}},{"start":{"line":42,"column":12},"end":{"line":42,"column":30}}]},"4":{"loc":{"start":{"line":58,"column":2},"end":{"line":63,"column":3}},"type":"if","locations":[{"start":{"line":58,"column":2},"end":{"line":63,"column":3}}]},"5":{"loc":{"start":{"line":58,"column":6},"end":{"line":58,"column":31}},"type":"binary-expr","locations":[{"start":{"line":58,"column":6},"end":{"line":58,"column":8}},{"start":{"line":58,"column":12},"end":{"line":58,"column":31}}]},"6":{"loc":{"start":{"line":73,"column":2},"end":{"line":78,"column":3}},"type":"if","locations":[{"start":{"line":73,"column":2},"end":{"line":78,"column":3}}]},"7":{"loc":{"start":{"line":83,"column":13},"end":{"line":83,"column":71}},"type":"cond-expr","locations":[{"start":{"line":83,"column":35},"end":{"line":83,"column":46}},{"start":{"line":83,"column":49},"end":{"line":83,"column":71}}]}},"s":{"0":1,"1":1,"2":1,"3":1,"4":1,"5":1,"6":0,"7":0,"8":0,"9":0,"10":0,"11":1,"12":1,"13":2,"14":2,"15":1,"16":1,"17":1,"18":1,"19":2,"20":2,"21":2,"22":1,"23":1,"24":1,"25":1,"26":2,"27":2,"28":1,"29":1,"30":1},"f":{"0":0,"1":2,"2":2,"3":2},"b":{"0":[0],"1":[0,0],"2":[1],"3":[2,2],"4":[1],"5":[2,2],"6":[1],"7":[1,0]}}
,"C:\\Users\\Dev_001_PP\\apps\\download_links\\backend\\src\\routes\\fileRoutes.ts": {"path":"C:\\Users\\Dev_001_PP\\apps\\download_links\\backend\\src\\routes\\fileRoutes.ts","statementMap":{"0":{"start":{"line":1,"column":0},"end":{"line":1,"column":30}},"1":{"start":{"line":2,"column":0},"end":{"line":2,"column":86}},"2":{"start":{"line":3,"column":0},"end":{"line":3,"column":57}},"3":{"start":{"line":4,"column":0},"end":{"line":4,"column":101}},"4":{"start":{"line":6,"column":15},"end":{"line":6,"column":31}},"5":{"start":{"line":17,"column":19},"end":{"line":17,"column":29}},"6":{"start":{"line":9,"column":0},"end":{"line":9,"column":77}},"7":{"start":{"line":12,"column":0},"end":{"line":12,"column":87}},"8":{"start":{"line":15,"column":0},"end":{"line":15,"column":80}}},"fnMap":{},"branchMap":{},"s":{"0":0,"1":0,"2":0,"3":0,"4":0,"5":0,"6":0,"7":0,"8":0},"f":{},"b":{}}
,"C:\\Users\\Dev_001_PP\\apps\\download_links\\backend\\src\\utils\\fileSanitizer.ts": {"path":"C:\\Users\\Dev_001_PP\\apps\\download_links\\backend\\src\\utils\\fileSanitizer.ts","statementMap":{"0":{"start":{"line":1,"column":0},"end":{"line":1,"column":20}},"1":{"start":{"line":2,"column":0},"end":{"line":2,"column":24}},"2":{"start":{"line":3,"column":0},"end":{"line":3,"column":28}},"3":{"start":{"line":4,"column":0},"end":{"line":4,"column":72}},"4":{"start":{"line":10,"column":29},"end":{"line":21,"column":2}},"5":{"start":{"line":31,"column":28},"end":{"line":76,"column":2}},"6":{"start":{"line":35,"column":32},"end":{"line":76,"column":2}},"7":{"start":{"line":37,"column":2},"end":{"line":39,"column":3}},"8":{"start":{"line":38,"column":4},"end":{"line":38,"column":53}},"9":{"start":{"line":42,"column":16},"end":{"line":42,"column":37}},"10":{"start":{"line":45,"column":2},"end":{"line":47,"column":3}},"11":{"start":{"line":46,"column":4},"end":{"line":46,"column":55}},"12":{"start":{"line":50,"column":20},"end":{"line":50,"column":77}},"13":{"start":{"line":51,"column":2},"end":{"line":60,"column":3}},"14":{"start":{"line":53,"column":4},"end":{"line":57,"column":5}},"15":{"start":{"line":54,"column":6},"end":{"line":54,"column":30}},"16":{"start":{"line":56,"column":6},"end":{"line":56,"column":61}},"17":{"start":{"line":59,"column":4},"end":{"line":59,"column":81}},"18":{"start":{"line":63,"column":15},"end":{"line":63,"column":48}},"19":{"start":{"line":66,"column":24},"end":{"line":66,"column":102}},"20":{"start":{"line":68,"column":2},"end":{"line":75,"column":4}},"21":{"start":{"line":31,"column":13},"end":{"line":31,"column":28}},"22":{"start":{"line":83,"column":26},"end":{"line":92,"column":1}},"23":{"start":{"line":84,"column":2},"end":{"line":91,"column":5}},"24":{"start":{"line":85,"column":17},"end":{"line":85,"column":44}},"25":{"start":{"line":86,"column":19},"end":{"line":86,"column":48}},"26":{"start":{"line":88,"column":4},"end":{"line":88,"column":43}},"27":{"start":{"line":88,"column":30},"end":{"line":88,"column":41}},"28":{"start":{"line":89,"column":4},"end":{"line":89,"column":51}},"29":{"start":{"line":89,"column":31},"end":{"line":89,"column":49}},"30":{"start":{"line":90,"column":4},"end":{"line":90,"column":56}},"31":{"start":{"line":90,"column":27},"end":{"line":90,"column":54}},"32":{"start":{"line":100,"column":35},"end":{"line":129,"column":2}},"33":{"start":{"line":100,"column":80},"end":{"line":129,"column":2}},"34":{"start":{"line":101,"column":2},"end":{"line":128,"column":3}},"35":{"start":{"line":103,"column":19},"end":{"line":103,"column":34}},"36":{"start":{"line":104,"column":15},"end":{"line":104,"column":41}},"37":{"start":{"line":105,"column":4},"end":{"line":105,"column":37}},"38":{"start":{"line":106,"column":4},"end":{"line":106,"column":21}},"39":{"start":{"line":110,"column":4},"end":{"line":112,"column":5}},"40":{"start":{"line":111,"column":6},"end":{"line":111,"column":18}},"41":{"start":{"line":115,"column":4},"end":{"line":117,"column":5}},"42":{"start":{"line":116,"column":6},"end":{"line":116,"column":18}},"43":{"start":{"line":120,"column":4},"end":{"line":122,"column":5}},"44":{"start":{"line":121,"column":6},"end":{"line":121,"column":18}},"45":{"start":{"line":124,"column":4},"end":{"line":124,"column":17}},"46":{"start":{"line":126,"column":4},"end":{"line":126,"column":60}},"47":{"start":{"line":127,"column":4},"end":{"line":127,"column":16}},"48":{"start":{"line":100,"column":13},"end":{"line":100,"column":35}}},"fnMap":{"0":{"name":"(anonymous_8)","decl":{"start":{"line":31,"column":28},"end":{"line":31,"column":null}},"loc":{"start":{"line":35,"column":32},"end":{"line":76,"column":2}}},"1":{"name":"(anonymous_9)","decl":{"start":{"line":35,"column":32},"end":{"line":35,"column":null}},"loc":{"start":{"line":35,"column":32},"end":{"line":76,"column":1}}},"2":{"name":"(anonymous_10)","decl":{"start":{"line":83,"column":26},"end":{"line":83,"column":27}},"loc":{"start":{"line":83,"column":64},"end":{"line":92,"column":1}}},"3":{"name":"(anonymous_11)","decl":{"start":{"line":84,"column":21},"end":{"line":84,"column":22}},"loc":{"start":{"line":84,"column":41},"end":{"line":91,"column":3}}},"4":{"name":"(anonymous_12)","decl":{"start":{"line":88,"column":23},"end":{"line":88,"column":26}},"loc":{"start":{"line":88,"column":30},"end":{"line":88,"column":41}}},"5":{"name":"(anonymous_13)","decl":{"start":{"line":89,"column":22},"end":{"line":89,"column":27}},"loc":{"start":{"line":89,"column":31},"end":{"line":89,"column":49}}},"6":{"name":"(anonymous_14)","decl":{"start":{"line":90,"column":21},"end":{"line":90,"column":24}},"loc":{"start":{"line":90,"column":27},"end":{"line":90,"column":54}}},"7":{"name":"(anonymous_15)","decl":{"start":{"line":100,"column":35},"end":{"line":100,"column":42}},"loc":{"start":{"line":100,"column":80},"end":{"line":129,"column":2}}},"8":{"name":"(anonymous_16)","decl":{"start":{"line":100,"column":80},"end":{"line":100,"column":null}},"loc":{"start":{"line":100,"column":80},"end":{"line":129,"column":1}}}},"branchMap":{"0":{"loc":{"start":{"line":37,"column":2},"end":{"line":39,"column":3}},"type":"if","locations":[{"start":{"line":37,"column":2},"end":{"line":39,"column":3}}]},"1":{"loc":{"start":{"line":45,"column":2},"end":{"line":47,"column":3}},"type":"if","locations":[{"start":{"line":45,"column":2},"end":{"line":47,"column":3}}]},"2":{"loc":{"start":{"line":51,"column":2},"end":{"line":60,"column":3}},"type":"if","locations":[{"start":{"line":51,"column":2},"end":{"line":60,"column":3}}]},"3":{"loc":{"start":{"line":66,"column":68},"end":{"line":66,"column":100}},"type":"cond-expr","locations":[{"start":{"line":66,"column":80},"end":{"line":66,"column":95}},{"start":{"line":66,"column":98},"end":{"line":66,"column":100}}]},"4":{"loc":{"start":{"line":110,"column":4},"end":{"line":112,"column":5}},"type":"if","locations":[{"start":{"line":110,"column":4},"end":{"line":112,"column":5}}]},"5":{"loc":{"start":{"line":115,"column":4},"end":{"line":117,"column":5}},"type":"if","locations":[{"start":{"line":115,"column":4},"end":{"line":117,"column":5}}]},"6":{"loc":{"start":{"line":120,"column":4},"end":{"line":122,"column":5}},"type":"if","locations":[{"start":{"line":120,"column":4},"end":{"line":122,"column":5}}]}},"s":{"0":1,"1":1,"2":1,"3":1,"4":1,"5":1,"6":5,"7":5,"8":1,"9":4,"10":4,"11":1,"12":3,"13":3,"14":2,"15":2,"16":1,"17":2,"18":1,"19":1,"20":1,"21":1,"22":1,"23":1,"24":1,"25":1,"26":1,"27":0,"28":1,"29":0,"30":1,"31":1,"32":1,"33":3,"34":3,"35":3,"36":3,"37":2,"38":2,"39":2,"40":1,"41":1,"42":1,"43":0,"44":0,"45":0,"46":1,"47":1,"48":1},"f":{"0":5,"1":5,"2":1,"3":1,"4":0,"5":0,"6":1,"7":3,"8":3},"b":{"0":[1],"1":[1],"2":[2],"3":[1,0],"4":[1],"5":[1],"6":[0]}}
,"C:\\Users\\Dev_001_PP\\apps\\download_links\\backend\\src\\utils\\fileStorage.ts": {"path":"C:\\Users\\Dev_001_PP\\apps\\download_links\\backend\\src\\utils\\fileStorage.ts","statementMap":{"0":{"start":{"line":1,"column":0},"end":{"line":1,"column":20}},"1":{"start":{"line":2,"column":0},"end":{"line":2,"column":24}},"2":{"start":{"line":3,"column":0},"end":{"line":3,"column":28}},"3":{"start":{"line":5,"column":0},"end":{"line":5,"column":39}},"4":{"start":{"line":8,"column":50},"end":{"line":8,"column":52}},"5":{"start":{"line":11,"column":24},"end":{"line":11,"column":77}},"6":{"start":{"line":14,"column":0},"end":{"line":35,"column":1}},"7":{"start":{"line":15,"column":2},"end":{"line":27,"column":3}},"8":{"start":{"line":16,"column":17},"end":{"line":16,"column":57}},"9":{"start":{"line":17,"column":23},"end":{"line":17,"column":39}},"10":{"start":{"line":20,"column":4},"end":{"line":26,"column":7}},"11":{"start":{"line":21,"column":6},"end":{"line":25,"column":8}},"12":{"start":{"line":29,"column":2},"end":{"line":29,"column":59}},"13":{"start":{"line":31,"column":21},"end":{"line":31,"column":50}},"14":{"start":{"line":32,"column":2},"end":{"line":34,"column":3}},"15":{"start":{"line":33,"column":4},"end":{"line":33,"column":50}},"16":{"start":{"line":38,"column":28},"end":{"line":40,"column":1}},"17":{"start":{"line":39,"column":2},"end":{"line":39,"column":48}},"18":{"start":{"line":43,"column":29},"end":{"line":45,"column":1}},"19":{"start":{"line":44,"column":2},"end":{"line":44,"column":52}},"20":{"start":{"line":43,"column":13},"end":{"line":43,"column":29}},"21":{"start":{"line":48,"column":28},"end":{"line":74,"column":1}},"22":{"start":{"line":50,"column":2},"end":{"line":52,"column":3}},"23":{"start":{"line":51,"column":4},"end":{"line":51,"column":49}},"24":{"start":{"line":55,"column":2},"end":{"line":57,"column":3}},"25":{"start":{"line":56,"column":4},"end":{"line":56,"column":31}},"26":{"start":{"line":59,"column":2},"end":{"line":59,"column":42}},"27":{"start":{"line":62,"column":2},"end":{"line":73,"column":3}},"28":{"start":{"line":63,"column":4},"end":{"line":63,"column":88}},"29":{"start":{"line":65,"column":4},"end":{"line":65,"column":52}},"30":{"start":{"line":67,"column":23},"end":{"line":67,"column":52}},"31":{"start":{"line":68,"column":4},"end":{"line":72,"column":5}},"32":{"start":{"line":69,"column":6},"end":{"line":69,"column":52}},"33":{"start":{"line":71,"column":6},"end":{"line":71,"column":90}},"34":{"start":{"line":48,"column":13},"end":{"line":48,"column":28}},"35":{"start":{"line":77,"column":31},"end":{"line":108,"column":1}},"36":{"start":{"line":79,"column":23},"end":{"line":79,"column":88}},"37":{"start":{"line":80,"column":2},"end":{"line":82,"column":3}},"38":{"start":{"line":81,"column":4},"end":{"line":81,"column":16}},"39":{"start":{"line":84,"column":19},"end":{"line":84,"column":38}},"40":{"start":{"line":86,"column":2},"end":{"line":88,"column":3}},"41":{"start":{"line":87,"column":4},"end":{"line":87,"column":16}},"42":{"start":{"line":91,"column":2},"end":{"line":93,"column":3}},"43":{"start":{"line":92,"column":4},"end":{"line":92,"column":16}},"44":{"start":{"line":96,"column":2},"end":{"line":105,"column":3}},"45":{"start":{"line":98,"column":4},"end":{"line":98,"column":31}},"46":{"start":{"line":99,"column":4},"end":{"line":103,"column":5}},"47":{"start":{"line":100,"column":6},"end":{"line":100,"column":90}},"48":{"start":{"line":102,"column":6},"end":{"line":102,"column":83}},"49":{"start":{"line":104,"column":4},"end":{"line":104,"column":16}},"50":{"start":{"line":107,"column":2},"end":{"line":107,"column":18}},"51":{"start":{"line":77,"column":13},"end":{"line":77,"column":31}},"52":{"start":{"line":111,"column":37},"end":{"line":120,"column":1}},"53":{"start":{"line":112,"column":19},"end":{"line":112,"column":38}},"54":{"start":{"line":113,"column":2},"end":{"line":113,"column":55}},"55":{"start":{"line":113,"column":42},"end":{"line":113,"column":55}},"56":{"start":{"line":116,"column":2},"end":{"line":119,"column":4}},"57":{"start":{"line":111,"column":13},"end":{"line":111,"column":37}},"58":{"start":{"line":123,"column":30},"end":{"line":144,"column":1}},"59":{"start":{"line":124,"column":2},"end":{"line":143,"column":3}},"60":{"start":{"line":126,"column":4},"end":{"line":133,"column":5}},"61":{"start":{"line":128,"column":6},"end":{"line":130,"column":7}},"62":{"start":{"line":129,"column":8},"end":{"line":129,"column":48}},"63":{"start":{"line":132,"column":6},"end":{"line":132,"column":57}},"64":{"start":{"line":136,"column":4},"end":{"line":136,"column":31}},"65":{"start":{"line":138,"column":4},"end":{"line":142,"column":5}},"66":{"start":{"line":139,"column":6},"end":{"line":139,"column":90}},"67":{"start":{"line":141,"column":6},"end":{"line":141,"column":74}},"68":{"start":{"line":123,"column":13},"end":{"line":123,"column":30}},"69":{"start":{"line":147,"column":38},"end":{"line":157,"column":1}},"70":{"start":{"line":148,"column":2},"end":{"line":156,"column":3}},"71":{"start":{"line":149,"column":4},"end":{"line":149,"column":85}},"72":{"start":{"line":151,"column":4},"end":{"line":155,"column":5}},"73":{"start":{"line":152,"column":6},"end":{"line":152,"column":90}},"74":{"start":{"line":154,"column":6},"end":{"line":154,"column":61}},"75":{"start":{"line":147,"column":13},"end":{"line":147,"column":38}},"76":{"start":{"line":160,"column":35},"end":{"line":175,"column":1}},"77":{"start":{"line":161,"column":14},"end":{"line":161,"column":24}},"78":{"start":{"line":162,"column":25},"end":{"line":162,"column":30}},"79":{"start":{"line":164,"column":2},"end":{"line":170,"column":5}},"80":{"start":{"line":165,"column":21},"end":{"line":165,"column":40}},"81":{"start":{"line":166,"column":4},"end":{"line":169,"column":5}},"82":{"start":{"line":167,"column":6},"end":{"line":167,"column":25}},"83":{"start":{"line":168,"column":6},"end":{"line":168,"column":30}},"84":{"start":{"line":172,"column":2},"end":{"line":174,"column":3}},"85":{"start":{"line":173,"column":4},"end":{"line":173,"column":74}},"86":{"start":{"line":160,"column":13},"end":{"line":160,"column":35}}},"fnMap":{"0":{"name":"(anonymous_1)","decl":{"start":{"line":20,"column":36},"end":{"line":20,"column":39}},"loc":{"start":{"line":20,"column":42},"end":{"line":26,"column":5}}},"1":{"name":"(anonymous_2)","decl":{"start":{"line":38,"column":28},"end":{"line":38,"column":39}},"loc":{"start":{"line":38,"column":41},"end":{"line":40,"column":1}}},"2":{"name":"(anonymous_3)","decl":{"start":{"line":43,"column":29},"end":{"line":43,"column":30}},"loc":{"start":{"line":43,"column":61},"end":{"line":45,"column":1}}},"3":{"name":"(anonymous_4)","decl":{"start":{"line":48,"column":28},"end":{"line":48,"column":29}},"loc":{"start":{"line":48,"column":57},"end":{"line":74,"column":1}}},"4":{"name":"(anonymous_5)","decl":{"start":{"line":77,"column":31},"end":{"line":77,"column":32}},"loc":{"start":{"line":77,"column":63},"end":{"line":108,"column":1}}},"5":{"name":"(anonymous_6)","decl":{"start":{"line":111,"column":37},"end":{"line":111,"column":38}},"loc":{"start":{"line":111,"column":76},"end":{"line":120,"column":1}}},"6":{"name":"(anonymous_7)","decl":{"start":{"line":123,"column":30},"end":{"line":123,"column":31}},"loc":{"start":{"line":123,"column":51},"end":{"line":144,"column":1}}},"7":{"name":"(anonymous_8)","decl":{"start":{"line":147,"column":38},"end":{"line":147,"column":39}},"loc":{"start":{"line":147,"column":59},"end":{"line":157,"column":1}}},"8":{"name":"(anonymous_9)","decl":{"start":{"line":160,"column":35},"end":{"line":160,"column":44}},"loc":{"start":{"line":160,"column":46},"end":{"line":175,"column":1}}},"9":{"name":"(anonymous_10)","decl":{"start":{"line":164,"column":39},"end":{"line":164,"column":41}},"loc":{"start":{"line":164,"column":44},"end":{"line":170,"column":3}}}},"branchMap":{"0":{"loc":{"start":{"line":15,"column":2},"end":{"line":27,"column":3}},"type":"if","locations":[{"start":{"line":15,"column":2},"end":{"line":27,"column":3}}]},"1":{"loc":{"start":{"line":32,"column":2},"end":{"line":34,"column":3}},"type":"if","locations":[{"start":{"line":32,"column":2},"end":{"line":34,"column":3}}]},"2":{"loc":{"start":{"line":50,"column":2},"end":{"line":52,"column":3}},"type":"if","locations":[{"start":{"line":50,"column":2},"end":{"line":52,"column":3}}]},"3":{"loc":{"start":{"line":55,"column":2},"end":{"line":57,"column":3}},"type":"if","locations":[{"start":{"line":55,"column":2},"end":{"line":57,"column":3}}]},"4":{"loc":{"start":{"line":68,"column":4},"end":{"line":72,"column":5}},"type":"if","locations":[{"start":{"line":68,"column":4},"end":{"line":72,"column":5}}]},"5":{"loc":{"start":{"line":80,"column":2},"end":{"line":82,"column":3}},"type":"if","locations":[{"start":{"line":80,"column":2},"end":{"line":82,"column":3}}]},"6":{"loc":{"start":{"line":86,"column":2},"end":{"line":88,"column":3}},"type":"if","locations":[{"start":{"line":86,"column":2},"end":{"line":88,"column":3}}]},"7":{"loc":{"start":{"line":91,"column":2},"end":{"line":93,"column":3}},"type":"if","locations":[{"start":{"line":91,"column":2},"end":{"line":93,"column":3}}]},"8":{"loc":{"start":{"line":96,"column":2},"end":{"line":105,"column":3}},"type":"if","locations":[{"start":{"line":96,"column":2},"end":{"line":105,"column":3}}]},"9":{"loc":{"start":{"line":113,"column":2},"end":{"line":113,"column":55}},"type":"if","locations":[{"start":{"line":113,"column":2},"end":{"line":113,"column":55}}]},"10":{"loc":{"start":{"line":113,"column":6},"end":{"line":113,"column":40}},"type":"binary-expr","locations":[{"start":{"line":113,"column":6},"end":{"line":113,"column":15}},{"start":{"line":113,"column":19},"end":{"line":113,"column":40}}]},"11":{"loc":{"start":{"line":124,"column":2},"end":{"line":143,"column":3}},"type":"if","locations":[{"start":{"line":124,"column":2},"end":{"line":143,"column":3}}]},"12":{"loc":{"start":{"line":128,"column":6},"end":{"line":130,"column":7}},"type":"if","locations":[{"start":{"line":128,"column":6},"end":{"line":130,"column":7}}]},"13":{"loc":{"start":{"line":148,"column":2},"end":{"line":156,"column":3}},"type":"if","locations":[{"start":{"line":148,"column":2},"end":{"line":156,"column":3}}]},"14":{"loc":{"start":{"line":149,"column":41},"end":{"line":149,"column":79}},"type":"binary-expr","locations":[{"start":{"line":149,"column":41},"end":{"line":149,"column":74}},{"start":{"line":149,"column":78},"end":{"line":149,"column":79}}]},"15":{"loc":{"start":{"line":166,"column":4},"end":{"line":169,"column":5}},"type":"if","locations":[{"start":{"line":166,"column":4},"end":{"line":169,"column":5}}]},"16":{"loc":{"start":{"line":172,"column":2},"end":{"line":174,"column":3}},"type":"if","locations":[{"start":{"line":172,"column":2},"end":{"line":174,"column":3}}]}},"s":{"0":1,"1":1,"2":1,"3":1,"4":1,"5":1,"6":1,"7":1,"8":1,"9":1,"10":1,"11":1,"12":0,"13":0,"14":0,"15":0,"16":1,"17":4,"18":1,"19":2,"20":1,"21":1,"22":4,"23":4,"24":4,"25":0,"26":4,"27":4,"28":4,"29":1,"30":1,"31":1,"32":1,"33":1,"34":1,"35":1,"36":6,"37":6,"38":1,"39":5,"40":5,"41":2,"42":3,"43":1,"44":2,"45":1,"46":1,"47":1,"48":0,"49":1,"50":1,"51":1,"52":1,"53":0,"54":0,"55":0,"56":0,"57":1,"58":1,"59":2,"60":2,"61":2,"62":2,"63":1,"64":2,"65":2,"66":2,"67":0,"68":1,"69":1,"70":2,"71":0,"72":0,"73":0,"74":0,"75":1,"76":1,"77":0,"78":0,"79":0,"80":0,"81":0,"82":0,"83":0,"84":0,"85":0,"86":1},"f":{"0":1,"1":4,"2":2,"3":4,"4":6,"5":0,"6":2,"7":2,"8":0,"9":0},"b":{"0":[1],"1":[0],"2":[4],"3":[0],"4":[1],"5":[1],"6":[2],"7":[1],"8":[1],"9":[0],"10":[0,0],"11":[2],"12":[2],"13":[0],"14":[0,0],"15":[0],"16":[0]}}
}
