TN:
SF:src\config\env.ts
FNF:0
FNH:0
DA:1,2
DA:2,2
DA:3,2
DA:4,2
DA:7,2
DA:10,2
DA:28,2
DA:31,2
DA:52,2
DA:53,1
LF:10
LH:10
BRDA:52,0,0,1
BRF:1
BRH:1
end_of_record
TN:
SF:src\controllers\fileController.ts
FN:11,(anonymous_1)
FN:61,(anonymous_2)
FN:94,(anonymous_3)
FNF:3
FNH:3
FNDA:4,(anonymous_1)
FNDA:4,(anonymous_2)
FNDA:5,(anonymous_3)
DA:2,1
DA:3,1
DA:7,1
DA:11,1
DA:13,4
DA:14,1
DA:17,3
DA:19,3
DA:22,3
DA:35,3
DA:38,1
DA:40,1
DA:41,0
DA:45,1
DA:55,2
DA:56,2
DA:61,1
DA:62,4
DA:65,4
DA:66,4
DA:67,1
DA:70,3
DA:71,3
DA:73,2
DA:74,1
DA:78,1
DA:88,1
DA:89,1
DA:94,1
DA:95,5
DA:98,5
DA:99,5
DA:100,1
DA:103,4
DA:104,4
DA:106,3
DA:107,1
DA:111,2
DA:113,1
DA:114,1
DA:118,1
DA:121,1
DA:122,1
DA:123,1
DA:124,1
DA:127,1
DA:128,1
DA:130,1
DA:131,1
LF:49
LH:48
BRDA:13,0,0,1
BRDA:40,1,0,0
BRDA:66,2,0,1
BRDA:73,3,0,1
BRDA:85,4,0,1
BRDA:85,4,1,0
BRDA:99,5,0,1
BRDA:106,6,0,1
BRDA:111,7,0,1
BRF:9
BRH:7
end_of_record
TN:
SF:src\middlewares\cspMiddleware.ts
FN:8,(anonymous_0)
FNF:1
FNH:0
FNDA:0,(anonymous_0)
DA:8,0
DA:10,0
DA:26,0
DA:29,0
DA:32,0
DA:35,0
DA:36,0
DA:37,0
DA:38,0
DA:39,0
DA:42,0
LF:11
LH:0
BRDA:35,0,0,0
BRF:1
BRH:0
end_of_record
TN:
SF:src\middlewares\errorHandlerMiddleware.ts
FN:10,(anonymous_0)
FN:20,(anonymous_1)
FN:62,(anonymous_2)
FNF:3
FNH:3
FNDA:7,(anonymous_0)
FNDA:6,(anonymous_1)
FNDA:3,(anonymous_2)
DA:2,2
DA:7,2
DA:11,7
DA:12,7
DA:13,7
DA:20,2
DA:22,6
DA:23,4
DA:24,4
DA:26,4
DA:28,1
DA:29,1
DA:31,1
DA:32,1
DA:34,1
DA:35,1
DA:37,1
DA:40,4
DA:48,2
DA:49,1
DA:56,1
DA:62,2
DA:63,3
DA:64,3
DA:67,3
DA:76,3
LF:26
LH:26
BRDA:10,0,0,1
BRDA:22,1,0,4
BRDA:26,2,0,1
BRDA:26,2,1,1
BRDA:26,2,2,1
BRDA:26,2,3,1
BRDA:37,3,0,1
BRDA:37,3,1,0
BRDA:48,4,0,1
BRDA:63,5,0,3
BRDA:63,5,1,2
BRDA:64,6,0,3
BRDA:64,6,1,0
BRDA:72,7,0,3
BRDA:72,7,1,0
BRDA:77,8,0,2
BRDA:77,8,1,1
BRDA:78,9,0,3
BRDA:78,9,1,0
BRDA:78,10,0,0
BRDA:78,10,1,0
BRF:21
BRH:15
end_of_record
TN:
SF:src\middlewares\multerMiddleware.ts
FN:18,(anonymous_1)
FN:21,(anonymous_2)
FN:57,(anonymous_3)
FNF:3
FNH:0
FNDA:0,(anonymous_1)
FNDA:0,(anonymous_2)
FNDA:0,(anonymous_3)
DA:1,1
DA:2,1
DA:3,1
DA:4,1
DA:5,1
DA:6,1
DA:9,1
DA:12,1
DA:13,1
DA:17,1
DA:19,0
DA:24,0
DA:27,0
DA:30,0
DA:31,0
DA:34,0
DA:39,1
DA:57,1
DA:59,0
DA:60,0
DA:64,0
DA:67,0
DA:68,0
DA:72,0
DA:73,0
DA:75,0
DA:76,0
DA:80,0
DA:84,1
LF:29
LH:13
BRDA:12,0,0,1
BRDA:59,1,0,0
BRDA:67,2,0,0
BRDA:75,3,0,0
BRF:4
BRH:1
end_of_record
TN:
SF:src\middlewares\securityMiddleware.ts
FN:12,(anonymous_1)
FN:38,(anonymous_2)
FN:53,(anonymous_3)
FN:69,(anonymous_4)
FNF:4
FNH:3
FNDA:0,(anonymous_1)
FNDA:2,(anonymous_2)
FNDA:2,(anonymous_3)
FNDA:2,(anonymous_4)
DA:1,1
DA:2,1
DA:3,1
DA:5,1
DA:8,1
DA:11,1
DA:14,0
DA:17,0
DA:18,0
DA:20,0
DA:29,1
DA:38,1
DA:39,2
DA:42,2
DA:43,1
DA:49,1
DA:53,1
DA:54,2
DA:57,2
DA:58,2
DA:59,1
DA:65,1
DA:69,1
DA:70,2
DA:73,2
DA:74,1
DA:81,1
LF:27
LH:23
BRDA:14,0,0,0
BRDA:17,1,0,0
BRDA:17,1,1,0
BRDA:42,2,0,1
BRDA:42,3,0,2
BRDA:42,3,1,2
BRDA:58,4,0,1
BRDA:58,5,0,2
BRDA:58,5,1,2
BRDA:73,6,0,1
BRDA:83,7,0,1
BRDA:83,7,1,0
BRF:12
BRH:8
end_of_record
TN:
SF:src\routes\fileRoutes.ts
FNF:0
FNH:0
DA:1,0
DA:2,0
DA:3,0
DA:4,0
DA:6,0
DA:9,0
DA:12,0
DA:15,0
DA:17,0
LF:9
LH:0
BRF:0
BRH:0
end_of_record
TN:
SF:src\utils\fileSanitizer.ts
FN:31,(anonymous_8)
FN:35,(anonymous_9)
FN:83,(anonymous_10)
FN:84,(anonymous_11)
FN:88,(anonymous_12)
FN:89,(anonymous_13)
FN:90,(anonymous_14)
FN:100,(anonymous_15)
FN:100,(anonymous_16)
FNF:9
FNH:7
FNDA:5,(anonymous_8)
FNDA:5,(anonymous_9)
FNDA:1,(anonymous_10)
FNDA:1,(anonymous_11)
FNDA:0,(anonymous_12)
FNDA:0,(anonymous_13)
FNDA:1,(anonymous_14)
FNDA:3,(anonymous_15)
FNDA:3,(anonymous_16)
DA:1,1
DA:2,1
DA:3,1
DA:4,1
DA:10,1
DA:31,1
DA:35,5
DA:37,5
DA:38,1
DA:42,4
DA:45,4
DA:46,1
DA:50,3
DA:51,3
DA:53,2
DA:54,2
DA:56,1
DA:59,2
DA:63,1
DA:66,1
DA:68,1
DA:83,1
DA:84,1
DA:85,1
DA:86,1
DA:88,1
DA:89,1
DA:90,1
DA:100,3
DA:101,3
DA:103,3
DA:104,3
DA:105,2
DA:106,2
DA:110,2
DA:111,1
DA:115,1
DA:116,1
DA:120,0
DA:121,0
DA:124,0
DA:126,1
DA:127,1
LF:43
LH:40
BRDA:37,0,0,1
BRDA:45,1,0,1
BRDA:51,2,0,2
BRDA:66,3,0,1
BRDA:66,3,1,0
BRDA:110,4,0,1
BRDA:115,5,0,1
BRDA:120,6,0,0
BRF:8
BRH:6
end_of_record
TN:
SF:src\utils\fileStorage.ts
FN:20,(anonymous_1)
FN:38,(anonymous_2)
FN:43,(anonymous_3)
FN:48,(anonymous_4)
FN:77,(anonymous_5)
FN:111,(anonymous_6)
FN:123,(anonymous_7)
FN:147,(anonymous_8)
FN:160,(anonymous_9)
FN:164,(anonymous_10)
FNF:10
FNH:7
FNDA:1,(anonymous_1)
FNDA:4,(anonymous_2)
FNDA:2,(anonymous_3)
FNDA:4,(anonymous_4)
FNDA:6,(anonymous_5)
FNDA:0,(anonymous_6)
FNDA:2,(anonymous_7)
FNDA:2,(anonymous_8)
FNDA:0,(anonymous_9)
FNDA:0,(anonymous_10)
DA:1,1
DA:2,1
DA:3,1
DA:5,1
DA:8,1
DA:11,1
DA:14,1
DA:15,1
DA:16,1
DA:17,1
DA:20,1
DA:21,1
DA:29,0
DA:31,0
DA:32,0
DA:33,0
DA:38,1
DA:39,4
DA:43,1
DA:44,2
DA:48,1
DA:50,4
DA:51,4
DA:55,4
DA:56,0
DA:59,4
DA:62,4
DA:63,4
DA:65,1
DA:67,1
DA:68,1
DA:69,1
DA:71,1
DA:77,1
DA:79,6
DA:80,6
DA:81,1
DA:84,5
DA:86,5
DA:87,2
DA:91,3
DA:92,1
DA:96,2
DA:98,1
DA:99,1
DA:100,1
DA:102,0
DA:104,1
DA:107,1
DA:111,1
DA:112,0
DA:113,0
DA:116,0
DA:123,1
DA:124,2
DA:126,2
DA:128,2
DA:129,2
DA:132,1
DA:136,2
DA:138,2
DA:139,2
DA:141,0
DA:147,1
DA:148,2
DA:149,0
DA:151,0
DA:152,0
DA:154,0
DA:160,1
DA:161,0
DA:162,0
DA:164,0
DA:165,0
DA:166,0
DA:167,0
DA:168,0
DA:172,0
DA:173,0
LF:79
LH:56
BRDA:15,0,0,1
BRDA:32,1,0,0
BRDA:50,2,0,4
BRDA:55,3,0,0
BRDA:68,4,0,1
BRDA:80,5,0,1
BRDA:86,6,0,2
BRDA:91,7,0,1
BRDA:96,8,0,1
BRDA:113,9,0,0
BRDA:113,10,0,0
BRDA:113,10,1,0
BRDA:124,11,0,2
BRDA:128,12,0,2
BRDA:148,13,0,0
BRDA:149,14,0,0
BRDA:149,14,1,0
BRDA:166,15,0,0
BRDA:172,16,0,0
BRF:19
BRH:9
end_of_record
